build/app/intermediates/manifest_merge_blame_file/debug/manifest-merger-blame-debug-report.txt
1<?xml version="1.0" encoding="utf-8"?>
2<manifest xmlns:android="http://schemas.android.com/apk/res/android"
3    package="diyanto.koordinator_migranshop"
4    android:versionCode="1"
5    android:versionName="1.0.0" >
6
7    <uses-sdk
8        android:minSdkVersion="16"
9        android:targetSdkVersion="28" />
10    <!--
11         Flutter needs it to communicate with the running application
12         to allow setting breakpoints, to provide hot reload, etc.
13    -->
14    <uses-permission android:name="android.permission.INTERNET" />
14-->src/main/AndroidManifest.xml:8:5-66
14-->src/main/AndroidManifest.xml:8:22-64
15
16    <application
16-->src/main/AndroidManifest.xml:9:5-32:19
17        android:name="io.flutter.app.FlutterApplication"
17-->src/main/AndroidManifest.xml:10:9-57
18        android:appComponentFactory="androidx.core.app.CoreComponentFactory"
18-->[androidx.core:core:1.0.0] AndroidManifest.xml:22:18-86
19        android:debuggable="true"
20        android:icon="@mipmap/ic_launcher"
20-->src/main/AndroidManifest.xml:13:9-43
21        android:label="koordinator_migranshop"
21-->src/main/AndroidManifest.xml:11:9-47
22        android:usesCleartextTraffic="true" >
22-->src/main/AndroidManifest.xml:12:9-44
23        <activity
23-->src/main/AndroidManifest.xml:14:9-26:20
24            android:name="diyanto.koordinator_migranshop.MainActivity"
24-->src/main/AndroidManifest.xml:15:13-41
25            android:configChanges="orientation|keyboardHidden|keyboard|screenSize|smallestScreenSize|locale|layoutDirection|fontScale|screenLayout|density|uiMode"
25-->src/main/AndroidManifest.xml:19:13-163
26            android:hardwareAccelerated="true"
26-->src/main/AndroidManifest.xml:20:13-47
27            android:launchMode="singleTop"
27-->src/main/AndroidManifest.xml:16:13-43
28            android:theme="@style/LaunchTheme"
28-->src/main/AndroidManifest.xml:18:13-47
29            android:windowSoftInputMode="adjustResize" >
29-->src/main/AndroidManifest.xml:21:13-55
30            <intent-filter>
30-->src/main/AndroidManifest.xml:22:13-25:29
31                <action android:name="android.intent.action.MAIN" />
31-->src/main/AndroidManifest.xml:23:17-68
31-->src/main/AndroidManifest.xml:23:25-66
32
33                <category android:name="android.intent.category.LAUNCHER" />
33-->src/main/AndroidManifest.xml:24:17-76
33-->src/main/AndroidManifest.xml:24:27-74
34            </intent-filter>
35        </activity>
36        <!--
37             Don't delete the meta-data below.
38             This is used by the Flutter tool to generate GeneratedPluginRegistrant.java
39        -->
40        <meta-data
40-->src/main/AndroidManifest.xml:29:9-31:33
41            android:name="flutterEmbedding"
41-->src/main/AndroidManifest.xml:30:13-44
42            android:value="2" />
42-->src/main/AndroidManifest.xml:31:13-30
43    </application>
44
45</manifest>